<?xml version="1.0" encoding="UTF-8"?>
<testsuite xmlns:xsi="http://www.w3.org/2001/XMLSchema-instance" xsi:noNamespaceSchemaLocation="https://maven.apache.org/surefire/maven-surefire-plugin/xsd/surefire-test-report.xsd" version="3.0.2" name="com.thee5176.SpringDataJPA.SpringDataJpaApplicationTests" time="16.906" tests="1" errors="0" skipped="0" failures="0">
  <properties>
[...]
</properties>
  <testcase name="contextLoads" classname="com.thee5176.SpringDataJPA.SpringDataJpaApplicationTests" time="0.909">
    <system-out><![CDATA[09:49:29.651 [main] INFO org.springframework.test.context.support.AnnotationConfigContextLoaderUtils -- Could not detect default configuration classes for test class [com.thee5176.SpringDataJPA.SpringDataJpaApplicationTests]: SpringDataJpaApplicationTests does not declare any static, non-private, non-final, nested classes annotated with @Configuration.
09:49:30.332 [main] INFO org.springframework.boot.test.context.SpringBootTestContextBootstrapper -- Found @SpringBootConfiguration com.thee5176.SpringDataJPA.SpringDataJpaApplication for test class com.thee5176.SpringDataJPA.SpringDataJpaApplicationTests
09:49:31.301 [main] INFO org.springframework.boot.devtools.restart.RestartApplicationListener -- Restart disabled due to context in which it is running

  .   ____          _            __ _ _
 /\\ / ___'_ __ _ _(_)_ __  __ _ \ \ \ \
( ( )\___ | '_ | '_| | '_ \/ _` | \ \ \ \
 \\/  ___)| |_)| | | | | || (_| |  ) ) ) )
  '  |____| .__|_| |_|_| |_\__, | / / / /
 =========|_|==============|___/=/_/_/_/

 :: Spring Boot ::                (v3.5.0)

2025-06-04T09:49:32.987+09:00  INFO 418652 --- [SpringDataJPA] [           main] c.t.S.SpringDataJpaApplicationTests      : Starting SpringDataJpaApplicationTests using Java 21.0.6 with PID 418652 (started by thee5176 in /home/thee5176/Documents/GitHub/SpringDataJPA)
2025-06-04T09:49:32.994+09:00  INFO 418652 --- [SpringDataJPA] [           main] c.t.S.SpringDataJpaApplicationTests      : No active profile set, falling back to 1 default profile: "default"
2025-06-04T09:49:35.448+09:00  INFO 418652 --- [SpringDataJPA] [           main] .s.d.r.c.RepositoryConfigurationDelegate : Bootstrapping Spring Data JPA repositories in DEFAULT mode.
2025-06-04T09:49:35.548+09:00  INFO 418652 --- [SpringDataJPA] [           main] .s.d.r.c.RepositoryConfigurationDelegate : Finished Spring Data repository scanning in 80 ms. Found 1 JPA repository interface.
2025-06-04T09:49:37.138+09:00  INFO 418652 --- [SpringDataJPA] [           main] o.hibernate.jpa.internal.util.LogHelper  : HHH000204: Processing PersistenceUnitInfo [name: default]
2025-06-04T09:49:37.219+09:00  INFO 418652 --- [SpringDataJPA] [           main] org.hibernate.Version                    : HHH000412: Hibernate ORM core version 6.6.15.Final
2025-06-04T09:49:37.273+09:00  INFO 418652 --- [SpringDataJPA] [           main] o.h.c.internal.RegionFactoryInitiator    : HHH000026: Second-level cache disabled
2025-06-04T09:49:37.940+09:00  INFO 418652 --- [SpringDataJPA] [           main] o.s.o.j.p.SpringPersistenceUnitInfo      : No LoadTimeWeaver setup: ignoring JPA class transformer
2025-06-04T09:49:37.995+09:00  INFO 418652 --- [SpringDataJPA] [           main] com.zaxxer.hikari.HikariDataSource       : HikariPool-1 - Starting...
2025-06-04T09:49:39.140+09:00  INFO 418652 --- [SpringDataJPA] [           main] com.zaxxer.hikari.pool.HikariPool        : HikariPool-1 - Added connection com.mysql.cj.jdbc.ConnectionImpl@7aa15a80
2025-06-04T09:49:39.144+09:00  INFO 418652 --- [SpringDataJPA] [           main] com.zaxxer.hikari.HikariDataSource       : HikariPool-1 - Start completed.
2025-06-04T09:49:39.324+09:00  INFO 418652 --- [SpringDataJPA] [           main] org.hibernate.orm.connections.pooling    : HHH10001005: Database info:
	Database JDBC URL [Connecting through datasource 'HikariDataSource (HikariPool-1)']
	Database driver: undefined/unknown
	Database version: 8.0.42
	Autocommit mode: undefined/unknown
	Isolation level: undefined/unknown
	Minimum pool size: undefined/unknown
	Maximum pool size: undefined/unknown
2025-06-04T09:49:41.598+09:00  INFO 418652 --- [SpringDataJPA] [           main] o.h.e.t.j.p.i.JtaPlatformInitiator       : HHH000489: No JTA platform available (set 'hibernate.transaction.jta.platform' to enable JTA platform integration)
2025-06-04T09:49:41.809+09:00  INFO 418652 --- [SpringDataJPA] [           main] j.LocalContainerEntityManagerFactoryBean : Initialized JPA EntityManagerFactory for persistence unit 'default'
2025-06-04T09:49:43.364+09:00  WARN 418652 --- [SpringDataJPA] [           main] JpaBaseConfiguration$JpaWebConfiguration : spring.jpa.open-in-view is enabled by default. Therefore, database queries may be performed during view rendering. Explicitly configure spring.jpa.open-in-view to disable this warning
2025-06-04T09:49:44.815+09:00  INFO 418652 --- [SpringDataJPA] [           main] c.t.S.SpringDataJpaApplicationTests      : Started SpringDataJpaApplicationTests in 13.602 seconds (process running for 17.52)
]]></system-out>
    <system-err><![CDATA[Mockito is currently self-attaching to enable the inline-mock-maker. This will no longer work in future releases of the JDK. Please add Mockito as an agent to your build as described in Mockito's documentation: https://javadoc.io/doc/org.mockito/mockito-core/latest/org.mockito/org/mockito/Mockito.html#0.3
WARNING: A Java agent has been loaded dynamically (/home/thee5176/.m2/repository/net/bytebuddy/byte-buddy-agent/1.17.5/byte-buddy-agent-1.17.5.jar)
WARNING: If a serviceability tool is in use, please run with -XX:+EnableDynamicAgentLoading to hide this warning
WARNING: If a serviceability tool is not in use, please run with -Djdk.instrument.traceUsage for more information
WARNING: Dynamic loading of agents will be disallowed by default in a future release
]]></system-err>
  </testcase>
</testsuite>